<?xml version="1.0" encoding="utf-8"?><testsuites><testsuite errors="0" failures="0" hostname="DESKTOP-TGHO18I" name="pytest" skipped="0" tests="7" time="7.524" timestamp="2020-07-06T22:32:04.876420"><testcase classname="test_submit" file="test_submit.py" line="3" name="test_q1" time="0.003"></testcase><testcase classname="test_submit" file="test_submit.py" line="8" name="test_q2" time="0.002"></testcase><testcase classname="test_submit" file="test_submit.py" line="13" name="test_q3" time="0.003"></testcase><testcase classname="test_submit" file="test_submit.py" line="18" name="test_q4" time="0.005"></testcase><testcase classname="test_submit" file="test_submit.py" line="23" name="test_q5" time="0.009"></testcase><testcase classname="test_submit" file="test_submit.py" line="28" name="test_q6" time="0.016"></testcase><testcase classname="test_submit" file="test_submit.py" line="33" name="test_q7" time="0.007"></testcase></testsuite></testsuites>