<?xml version="1.0" encoding="utf-8"?><testsuites><testsuite errors="0" failures="0" hostname="DESKTOP-TGHO18I" name="pytest" skipped="0" tests="4" time="3.785" timestamp="2020-07-13T20:57:19.175088"><testcase classname="test_submit" file="test_submit.py" line="3" name="test_q1" time="0.088"></testcase><testcase classname="test_submit" file="test_submit.py" line="8" name="test_q2" time="0.048"></testcase><testcase classname="test_submit" file="test_submit.py" line="13" name="test_q3" time="0.091"></testcase><testcase classname="test_submit" file="test_submit.py" line="18" name="test_q4" time="0.409"></testcase></testsuite></testsuites>